<?xml version="1.0" encoding="UTF-8"?>
<testsuite name="EtlTest" tests="4" skipped="0" failures="0" errors="0" timestamp="2015-08-20T16:04:16" hostname="pcreserver" time="0.059">
  <properties/>
  <testcase name="testMoreKeys" classname="EtlTest" time="0.052"/>
  <testcase name="testFullDataset" classname="EtlTest" time="0.002"/>
  <testcase name="testTransformOneValue" classname="EtlTest" time="0.004"/>
  <testcase name="testTransformMoreValues" classname="EtlTest" time="0.0"/>
  <system-out><![CDATA[]]></system-out>
  <system-err><![CDATA[]]></system-err>
</testsuite>
